<?xml version="1.0" encoding="UTF-8" ?>
<testsuite tests="10" failures="0" name="TestRunner.TestRunner" time="0.451" errors="0" skipped="0">
  <properties>
[...]
</properties>
  <testcase classname="Scenario: Order T-Shirt and verify Order history" name="Given User is on Home page" time="0.007"/>
  <testcase classname="Scenario: Order T-Shirt and verify Order history" name="When User adds T-Shirts to cart" time="0"/>
  <testcase classname="Scenario: Order T-Shirt and verify Order history" name="And place order after making payment" time="0"/>
  <testcase classname="Scenario: Order T-Shirt and verify Order history" name="Then user is able to verify order in order history" time="0"/>
  <testcase classname="Scenario: Order T-Shirt and verify Order history" name="Scenario: Order T-Shirt and verify Order history" time="0.378"/>
  <testcase classname="Scenario: Update personal information in my account" name="Given User is on Sign In page" time="0"/>
  <testcase classname="Scenario: Update personal information in my account" name="When User clicks on My personal info" time="0"/>
  <testcase classname="Scenario: Update personal information in my account" name="And changes first name as &quot;edittest&quot;" time="0"/>
  <testcase classname="Scenario: Update personal information in my account" name="Then User should be able to validate updated information" time="0"/>
  <testcase classname="Scenario: Update personal information in my account" name="Scenario: Update personal information in my account" time="0.066"/>
</testsuite>